Removed Pin From Net: NetName=BTN_LEFT Pin=U8-1
Removed Pin From Net: NetName=BTN_DOWN Pin=U8-2
Removed Pin From Net: NetName=GND Pin=U8-3
Removed Pin From Net: NetName=3V3 Pin=U8-4
Removed Pin From Net: NetName=LED_DOWN Pin=U8-5
Removed Pin From Net: NetName=BTN_RIGHT Pin=U8-6
Removed Pin From Net: NetName=LED_LEFT Pin=U8-7
Removed Pin From Net: NetName=LED_RIGHT Pin=U8-8
Removed Pin From Net: NetName=IO_INT Pin=U8-9
Removed Pin From Net: NetName=GND Pin=U8-10
Removed Pin From Net: NetName=3V3 Pin=U8-12
Removed Pin From Net: NetName=BTN_CENTRE Pin=U8-13
Removed Pin From Net: NetName=BTN_UP Pin=U8-14
Removed Pin From Net: NetName=GND Pin=U8-17
Removed Pin From Net: NetName=3V3 Pin=U8-18
Removed Pin From Net: NetName=LED_CENTRE Pin=U8-19
Removed Pin From Net: NetName=LED_UP Pin=U8-20
Removed Pin From Net: NetName=IO_RESET Pin=U8-23
Removed Pin From Net: NetName=STM_I2C1_SDA Pin=U8-24
Removed Pin From Net: NetName=STM_I2C1_SCL Pin=U8-25
Removed Pin From Net: NetName=GND Pin=U8-26
Removed Pin From Net: NetName=GND Pin=U8-29
Added Component: Designator=U8(QFN-28 4x4)
Added Pin To Net: NetName=BTN_LEFT Pin=U8-1
Added Pin To Net: NetName=BTN_DOWN Pin=U8-2
Added Pin To Net: NetName=GND Pin=U8-3
Added Pin To Net: NetName=3V3 Pin=U8-4
Added Pin To Net: NetName=LED_DOWN Pin=U8-5
Added Pin To Net: NetName=BTN_RIGHT Pin=U8-6
Added Pin To Net: NetName=LED_LEFT Pin=U8-7
Added Pin To Net: NetName=LED_RIGHT Pin=U8-8
Added Pin To Net: NetName=IO_INT Pin=U8-9
Added Pin To Net: NetName=GND Pin=U8-10
Added Pin To Net: NetName=3V3 Pin=U8-12
Added Pin To Net: NetName=BTN_CENTRE Pin=U8-13
Added Pin To Net: NetName=BTN_UP Pin=U8-14
Added Pin To Net: NetName=GND Pin=U8-17
Added Pin To Net: NetName=3V3 Pin=U8-18
Added Pin To Net: NetName=LED_CENTRE Pin=U8-19
Added Pin To Net: NetName=LED_UP Pin=U8-20
Added Pin To Net: NetName=IO_RESET Pin=U8-23
Added Pin To Net: NetName=STM_I2C1_SDA Pin=U8-24
Added Pin To Net: NetName=STM_I2C1_SCL Pin=U8-25
Added Pin To Net: NetName=GND Pin=U8-26
Added Pin To Net: NetName=GND Pin=U8-29
